{"/Users/lucasbutler/Desktop/habitracked-4/database/controllers/authController.js": {"path":"/Users/lucasbutler/Desktop/habitracked-4/database/controllers/authController.js","statementMap":{"0":{"start":{"line":1,"column":42},"end":{"line":1,"column":68}},"1":{"start":{"line":2,"column":12},"end":{"line":2,"column":35}},"2":{"start":{"line":3,"column":18},"end":{"line":3,"column":43}},"3":{"start":{"line":4,"column":42},"end":{"line":4,"column":68}},"4":{"start":{"line":7,"column":21},"end":{"line":36,"column":1}},"5":{"start":{"line":8,"column":2},"end":{"line":35,"column":3}},"6":{"start":{"line":9,"column":38},"end":{"line":9,"column":46}},"7":{"start":{"line":11,"column":4},"end":{"line":13,"column":5}},"8":{"start":{"line":12,"column":6},"end":{"line":12,"column":53}},"9":{"start":{"line":15,"column":4},"end":{"line":17,"column":5}},"10":{"start":{"line":16,"column":6},"end":{"line":16,"column":98}},"11":{"start":{"line":19,"column":18},"end":{"line":19,"column":52}},"12":{"start":{"line":20,"column":4},"end":{"line":22,"column":5}},"13":{"start":{"line":21,"column":6},"end":{"line":21,"column":59}},"14":{"start":{"line":24,"column":27},"end":{"line":24,"column":55}},"15":{"start":{"line":25,"column":17},"end":{"line":29,"column":6}},"16":{"start":{"line":31,"column":4},"end":{"line":31,"column":26}},"17":{"start":{"line":33,"column":4},"end":{"line":33,"column":23}},"18":{"start":{"line":34,"column":4},"end":{"line":34,"column":52}},"19":{"start":{"line":39,"column":18},"end":{"line":66,"column":1}},"20":{"start":{"line":40,"column":2},"end":{"line":65,"column":3}},"21":{"start":{"line":41,"column":32},"end":{"line":41,"column":40}},"22":{"start":{"line":43,"column":17},"end":{"line":43,"column":51}},"23":{"start":{"line":44,"column":4},"end":{"line":46,"column":5}},"24":{"start":{"line":45,"column":6},"end":{"line":45,"column":63}},"25":{"start":{"line":48,"column":18},"end":{"line":48,"column":64}},"26":{"start":{"line":49,"column":4},"end":{"line":61,"column":5}},"27":{"start":{"line":50,"column":6},"end":{"line":58,"column":8}},"28":{"start":{"line":55,"column":10},"end":{"line":55,"column":29}},"29":{"start":{"line":55,"column":19},"end":{"line":55,"column":29}},"30":{"start":{"line":56,"column":10},"end":{"line":56,"column":48}},"31":{"start":{"line":60,"column":6},"end":{"line":60,"column":71}},"32":{"start":{"line":63,"column":4},"end":{"line":63,"column":23}},"33":{"start":{"line":64,"column":4},"end":{"line":64,"column":61}},"34":{"start":{"line":69,"column":15},"end":{"line":72,"column":1}},"35":{"start":{"line":70,"column":2},"end":{"line":70,"column":27}},"36":{"start":{"line":71,"column":2},"end":{"line":71,"column":63}},"37":{"start":{"line":75,"column":19},"end":{"line":85,"column":1}},"38":{"start":{"line":76,"column":20},"end":{"line":76,"column":31}},"39":{"start":{"line":77,"column":2},"end":{"line":84,"column":3}},"40":{"start":{"line":78,"column":4},"end":{"line":81,"column":7}},"41":{"start":{"line":79,"column":6},"end":{"line":79,"column":25}},"42":{"start":{"line":79,"column":15},"end":{"line":79,"column":25}},"43":{"start":{"line":80,"column":6},"end":{"line":80,"column":21}},"44":{"start":{"line":83,"column":4},"end":{"line":83,"column":19}},"45":{"start":{"line":88,"column":18},"end":{"line":102,"column":1}},"46":{"start":{"line":89,"column":2},"end":{"line":101,"column":3}},"47":{"start":{"line":90,"column":19},"end":{"line":90,"column":35}},"48":{"start":{"line":92,"column":4},"end":{"line":94,"column":5}},"49":{"start":{"line":93,"column":6},"end":{"line":93,"column":68}},"50":{"start":{"line":96,"column":19},"end":{"line":96,"column":52}},"51":{"start":{"line":97,"column":4},"end":{"line":97,"column":28}},"52":{"start":{"line":99,"column":4},"end":{"line":99,"column":51}},"53":{"start":{"line":100,"column":4},"end":{"line":100,"column":68}},"54":{"start":{"line":105,"column":20},"end":{"line":158,"column":1}},"55":{"start":{"line":106,"column":2},"end":{"line":157,"column":3}},"56":{"start":{"line":119,"column":8},"end":{"line":119,"column":16}},"57":{"start":{"line":121,"column":4},"end":{"line":121,"column":74}},"58":{"start":{"line":121,"column":17},"end":{"line":121,"column":74}},"59":{"start":{"line":122,"column":4},"end":{"line":122,"column":70}},"60":{"start":{"line":122,"column":15},"end":{"line":122,"column":70}},"61":{"start":{"line":123,"column":4},"end":{"line":123,"column":72}},"62":{"start":{"line":123,"column":16},"end":{"line":123,"column":72}},"63":{"start":{"line":124,"column":4},"end":{"line":124,"column":68}},"64":{"start":{"line":124,"column":14},"end":{"line":124,"column":68}},"65":{"start":{"line":126,"column":21},"end":{"line":138,"column":6}},"66":{"start":{"line":140,"column":4},"end":{"line":140,"column":42}},"67":{"start":{"line":142,"column":4},"end":{"line":142,"column":50}},"68":{"start":{"line":144,"column":4},"end":{"line":154,"column":5}},"69":{"start":{"line":145,"column":26},"end":{"line":148,"column":9}},"70":{"start":{"line":145,"column":68},"end":{"line":148,"column":7}},"71":{"start":{"line":150,"column":6},"end":{"line":153,"column":9}},"72":{"start":{"line":156,"column":4},"end":{"line":156,"column":80}},"73":{"start":{"line":161,"column":25},"end":{"line":169,"column":1}},"74":{"start":{"line":162,"column":2},"end":{"line":168,"column":3}},"75":{"start":{"line":163,"column":26},"end":{"line":163,"column":56}},"76":{"start":{"line":164,"column":4},"end":{"line":164,"column":35}},"77":{"start":{"line":166,"column":4},"end":{"line":166,"column":59}},"78":{"start":{"line":167,"column":4},"end":{"line":167,"column":76}},"79":{"start":{"line":172,"column":18},"end":{"line":206,"column":1}},"80":{"start":{"line":173,"column":2},"end":{"line":205,"column":3}},"81":{"start":{"line":174,"column":25},"end":{"line":174,"column":33}},"82":{"start":{"line":175,"column":24},"end":{"line":175,"column":34}},"83":{"start":{"line":178,"column":4},"end":{"line":180,"column":5}},"84":{"start":{"line":179,"column":6},"end":{"line":179,"column":72}},"85":{"start":{"line":181,"column":4},"end":{"line":183,"column":5}},"86":{"start":{"line":182,"column":6},"end":{"line":182,"column":75}},"87":{"start":{"line":186,"column":18},"end":{"line":186,"column":52}},"88":{"start":{"line":187,"column":4},"end":{"line":189,"column":5}},"89":{"start":{"line":188,"column":6},"end":{"line":188,"column":64}},"90":{"start":{"line":191,"column":19},"end":{"line":194,"column":5}},"91":{"start":{"line":196,"column":4},"end":{"line":196,"column":28}},"92":{"start":{"line":197,"column":4},"end":{"line":197,"column":23}},"93":{"start":{"line":199,"column":4},"end":{"line":199,"column":86}},"94":{"start":{"line":202,"column":4},"end":{"line":202,"column":44}},"95":{"start":{"line":203,"column":4},"end":{"line":203,"column":65}},"96":{"start":{"line":209,"column":16},"end":{"line":246,"column":1}},"97":{"start":{"line":210,"column":2},"end":{"line":245,"column":3}},"98":{"start":{"line":211,"column":35},"end":{"line":211,"column":43}},"99":{"start":{"line":212,"column":24},"end":{"line":212,"column":34}},"100":{"start":{"line":214,"column":4},"end":{"line":216,"column":5}},"101":{"start":{"line":215,"column":6},"end":{"line":215,"column":64}},"102":{"start":{"line":217,"column":4},"end":{"line":219,"column":5}},"103":{"start":{"line":218,"column":6},"end":{"line":218,"column":96}},"104":{"start":{"line":220,"column":4},"end":{"line":222,"column":5}},"105":{"start":{"line":221,"column":6},"end":{"line":221,"column":93}},"106":{"start":{"line":224,"column":18},"end":{"line":224,"column":52}},"107":{"start":{"line":225,"column":4},"end":{"line":227,"column":5}},"108":{"start":{"line":226,"column":6},"end":{"line":226,"column":63}},"109":{"start":{"line":229,"column":18},"end":{"line":229,"column":37}},"110":{"start":{"line":230,"column":16},"end":{"line":230,"column":33}},"111":{"start":{"line":232,"column":25},"end":{"line":235,"column":6}},"112":{"start":{"line":233,"column":22},"end":{"line":233,"column":40}},"113":{"start":{"line":234,"column":6},"end":{"line":234,"column":48}},"114":{"start":{"line":237,"column":4},"end":{"line":240,"column":7}},"115":{"start":{"line":243,"column":4},"end":{"line":243,"column":44}},"116":{"start":{"line":244,"column":4},"end":{"line":244,"column":65}},"117":{"start":{"line":248,"column":0},"end":{"line":258,"column":2}}},"fnMap":{"0":{"name":"(anonymous_0)","decl":{"start":{"line":7,"column":21},"end":{"line":7,"column":22}},"loc":{"start":{"line":7,"column":41},"end":{"line":36,"column":1}},"line":7},"1":{"name":"(anonymous_1)","decl":{"start":{"line":39,"column":18},"end":{"line":39,"column":19}},"loc":{"start":{"line":39,"column":38},"end":{"line":66,"column":1}},"line":39},"2":{"name":"(anonymous_2)","decl":{"start":{"line":54,"column":8},"end":{"line":54,"column":9}},"loc":{"start":{"line":54,"column":24},"end":{"line":57,"column":9}},"line":54},"3":{"name":"(anonymous_3)","decl":{"start":{"line":69,"column":15},"end":{"line":69,"column":16}},"loc":{"start":{"line":69,"column":29},"end":{"line":72,"column":1}},"line":69},"4":{"name":"(anonymous_4)","decl":{"start":{"line":75,"column":19},"end":{"line":75,"column":20}},"loc":{"start":{"line":75,"column":33},"end":{"line":85,"column":1}},"line":75},"5":{"name":"(anonymous_5)","decl":{"start":{"line":78,"column":50},"end":{"line":78,"column":51}},"loc":{"start":{"line":78,"column":65},"end":{"line":81,"column":5}},"line":78},"6":{"name":"(anonymous_6)","decl":{"start":{"line":88,"column":18},"end":{"line":88,"column":19}},"loc":{"start":{"line":88,"column":38},"end":{"line":102,"column":1}},"line":88},"7":{"name":"(anonymous_7)","decl":{"start":{"line":105,"column":20},"end":{"line":105,"column":21}},"loc":{"start":{"line":105,"column":40},"end":{"line":158,"column":1}},"line":105},"8":{"name":"(anonymous_8)","decl":{"start":{"line":145,"column":56},"end":{"line":145,"column":57}},"loc":{"start":{"line":145,"column":68},"end":{"line":148,"column":7}},"line":145},"9":{"name":"(anonymous_9)","decl":{"start":{"line":161,"column":25},"end":{"line":161,"column":26}},"loc":{"start":{"line":161,"column":45},"end":{"line":169,"column":1}},"line":161},"10":{"name":"(anonymous_10)","decl":{"start":{"line":172,"column":18},"end":{"line":172,"column":19}},"loc":{"start":{"line":172,"column":38},"end":{"line":206,"column":1}},"line":172},"11":{"name":"(anonymous_11)","decl":{"start":{"line":209,"column":16},"end":{"line":209,"column":17}},"loc":{"start":{"line":209,"column":36},"end":{"line":246,"column":1}},"line":209},"12":{"name":"(anonymous_12)","decl":{"start":{"line":232,"column":43},"end":{"line":232,"column":44}},"loc":{"start":{"line":232,"column":50},"end":{"line":235,"column":5}},"line":232}},"branchMap":{"0":{"loc":{"start":{"line":11,"column":4},"end":{"line":13,"column":5}},"type":"if","locations":[{"start":{"line":11,"column":4},"end":{"line":13,"column":5}},{"start":{},"end":{}}],"line":11},"1":{"loc":{"start":{"line":15,"column":4},"end":{"line":17,"column":5}},"type":"if","locations":[{"start":{"line":15,"column":4},"end":{"line":17,"column":5}},{"start":{},"end":{}}],"line":15},"2":{"loc":{"start":{"line":15,"column":8},"end":{"line":15,"column":40}},"type":"binary-expr","locations":[{"start":{"line":15,"column":8},"end":{"line":15,"column":17}},{"start":{"line":15,"column":21},"end":{"line":15,"column":40}}],"line":15},"3":{"loc":{"start":{"line":20,"column":4},"end":{"line":22,"column":5}},"type":"if","locations":[{"start":{"line":20,"column":4},"end":{"line":22,"column":5}},{"start":{},"end":{}}],"line":20},"4":{"loc":{"start":{"line":44,"column":4},"end":{"line":46,"column":5}},"type":"if","locations":[{"start":{"line":44,"column":4},"end":{"line":46,"column":5}},{"start":{},"end":{}}],"line":44},"5":{"loc":{"start":{"line":49,"column":4},"end":{"line":61,"column":5}},"type":"if","locations":[{"start":{"line":49,"column":4},"end":{"line":61,"column":5}},{"start":{"line":59,"column":11},"end":{"line":61,"column":5}}],"line":49},"6":{"loc":{"start":{"line":55,"column":10},"end":{"line":55,"column":29}},"type":"if","locations":[{"start":{"line":55,"column":10},"end":{"line":55,"column":29}},{"start":{},"end":{}}],"line":55},"7":{"loc":{"start":{"line":77,"column":2},"end":{"line":84,"column":3}},"type":"if","locations":[{"start":{"line":77,"column":2},"end":{"line":84,"column":3}},{"start":{"line":82,"column":9},"end":{"line":84,"column":3}}],"line":77},"8":{"loc":{"start":{"line":79,"column":6},"end":{"line":79,"column":25}},"type":"if","locations":[{"start":{"line":79,"column":6},"end":{"line":79,"column":25}},{"start":{},"end":{}}],"line":79},"9":{"loc":{"start":{"line":92,"column":4},"end":{"line":94,"column":5}},"type":"if","locations":[{"start":{"line":92,"column":4},"end":{"line":94,"column":5}},{"start":{},"end":{}}],"line":92},"10":{"loc":{"start":{"line":121,"column":4},"end":{"line":121,"column":74}},"type":"if","locations":[{"start":{"line":121,"column":4},"end":{"line":121,"column":74}},{"start":{},"end":{}}],"line":121},"11":{"loc":{"start":{"line":122,"column":4},"end":{"line":122,"column":70}},"type":"if","locations":[{"start":{"line":122,"column":4},"end":{"line":122,"column":70}},{"start":{},"end":{}}],"line":122},"12":{"loc":{"start":{"line":123,"column":4},"end":{"line":123,"column":72}},"type":"if","locations":[{"start":{"line":123,"column":4},"end":{"line":123,"column":72}},{"start":{},"end":{}}],"line":123},"13":{"loc":{"start":{"line":124,"column":4},"end":{"line":124,"column":68}},"type":"if","locations":[{"start":{"line":124,"column":4},"end":{"line":124,"column":68}},{"start":{},"end":{}}],"line":124},"14":{"loc":{"start":{"line":144,"column":4},"end":{"line":154,"column":5}},"type":"if","locations":[{"start":{"line":144,"column":4},"end":{"line":154,"column":5}},{"start":{},"end":{}}],"line":144},"15":{"loc":{"start":{"line":178,"column":4},"end":{"line":180,"column":5}},"type":"if","locations":[{"start":{"line":178,"column":4},"end":{"line":180,"column":5}},{"start":{},"end":{}}],"line":178},"16":{"loc":{"start":{"line":181,"column":4},"end":{"line":183,"column":5}},"type":"if","locations":[{"start":{"line":181,"column":4},"end":{"line":183,"column":5}},{"start":{},"end":{}}],"line":181},"17":{"loc":{"start":{"line":187,"column":4},"end":{"line":189,"column":5}},"type":"if","locations":[{"start":{"line":187,"column":4},"end":{"line":189,"column":5}},{"start":{},"end":{}}],"line":187},"18":{"loc":{"start":{"line":214,"column":4},"end":{"line":216,"column":5}},"type":"if","locations":[{"start":{"line":214,"column":4},"end":{"line":216,"column":5}},{"start":{},"end":{}}],"line":214},"19":{"loc":{"start":{"line":217,"column":4},"end":{"line":219,"column":5}},"type":"if","locations":[{"start":{"line":217,"column":4},"end":{"line":219,"column":5}},{"start":{},"end":{}}],"line":217},"20":{"loc":{"start":{"line":217,"column":8},"end":{"line":217,"column":50}},"type":"binary-expr","locations":[{"start":{"line":217,"column":8},"end":{"line":217,"column":18}},{"start":{"line":217,"column":22},"end":{"line":217,"column":50}}],"line":217},"21":{"loc":{"start":{"line":220,"column":4},"end":{"line":222,"column":5}},"type":"if","locations":[{"start":{"line":220,"column":4},"end":{"line":222,"column":5}},{"start":{},"end":{}}],"line":220},"22":{"loc":{"start":{"line":220,"column":8},"end":{"line":220,"column":46}},"type":"binary-expr","locations":[{"start":{"line":220,"column":8},"end":{"line":220,"column":16}},{"start":{"line":220,"column":20},"end":{"line":220,"column":46}}],"line":220},"23":{"loc":{"start":{"line":225,"column":4},"end":{"line":227,"column":5}},"type":"if","locations":[{"start":{"line":225,"column":4},"end":{"line":227,"column":5}},{"start":{},"end":{}}],"line":225},"24":{"loc":{"start":{"line":234,"column":13},"end":{"line":234,"column":47}},"type":"binary-expr","locations":[{"start":{"line":234,"column":13},"end":{"line":234,"column":29}},{"start":{"line":234,"column":33},"end":{"line":234,"column":47}}],"line":234}},"s":{"0":1,"1":1,"2":1,"3":1,"4":1,"5":4,"6":4,"7":4,"8":0,"9":4,"10":0,"11":4,"12":4,"13":2,"14":2,"15":2,"16":2,"17":0,"18":0,"19":1,"20":4,"21":4,"22":4,"23":4,"24":0,"25":4,"26":4,"27":2,"28":2,"29":0,"30":2,"31":2,"32":0,"33":0,"34":1,"35":2,"36":2,"37":1,"38":4,"39":4,"40":2,"41":2,"42":0,"43":2,"44":2,"45":1,"46":0,"47":0,"48":0,"49":0,"50":0,"51":0,"52":0,"53":0,"54":1,"55":7,"56":7,"57":7,"58":1,"59":6,"60":1,"61":5,"62":1,"63":4,"64":1,"65":3,"66":1,"67":2,"68":2,"69":1,"70":2,"71":1,"72":1,"73":1,"74":0,"75":0,"76":0,"77":0,"78":0,"79":1,"80":10,"81":10,"82":10,"83":10,"84":2,"85":8,"86":2,"87":6,"88":4,"89":2,"90":2,"91":2,"92":2,"93":2,"94":2,"95":2,"96":1,"97":12,"98":12,"99":12,"100":12,"101":2,"102":10,"103":2,"104":8,"105":2,"106":6,"107":4,"108":2,"109":2,"110":2,"111":2,"112":6,"113":6,"114":2,"115":2,"116":2,"117":1},"f":{"0":4,"1":4,"2":2,"3":2,"4":4,"5":2,"6":0,"7":7,"8":2,"9":0,"10":10,"11":12,"12":6},"b":{"0":[0,4],"1":[0,4],"2":[4,4],"3":[2,2],"4":[0,4],"5":[2,2],"6":[0,2],"7":[2,2],"8":[0,2],"9":[0,0],"10":[1,6],"11":[1,5],"12":[1,4],"13":[1,3],"14":[1,1],"15":[2,8],"16":[2,6],"17":[2,2],"18":[2,10],"19":[2,8],"20":[10,10],"21":[2,6],"22":[8,8],"23":[2,2],"24":[6,4]},"_coverageSchema":"1a1c01bbd47fc00a2c39e90264f33305004495a9","hash":"944ddef7ff102fc479f20e12a98f33dbdfabd94b"}
,"/Users/lucasbutler/Desktop/habitracked-4/database/db/connection.js": {"path":"/Users/lucasbutler/Desktop/habitracked-4/database/db/connection.js","statementMap":{"0":{"start":{"line":1,"column":42},"end":{"line":1,"column":60}},"1":{"start":{"line":2,"column":15},"end":{"line":2,"column":32}},"2":{"start":{"line":4,"column":0},"end":{"line":4,"column":40}},"3":{"start":{"line":6,"column":12},"end":{"line":6,"column":39}},"4":{"start":{"line":7,"column":0},"end":{"line":7,"column":41}},"5":{"start":{"line":9,"column":15},"end":{"line":15,"column":2}},"6":{"start":{"line":18,"column":2},"end":{"line":28,"column":3}},"7":{"start":{"line":20,"column":4},"end":{"line":20,"column":27}},"8":{"start":{"line":22,"column":4},"end":{"line":22,"column":50}},"9":{"start":{"line":23,"column":4},"end":{"line":25,"column":6}},"10":{"start":{"line":27,"column":4},"end":{"line":27,"column":23}},"11":{"start":{"line":31,"column":11},"end":{"line":31,"column":33}},"12":{"start":{"line":33,"column":0},"end":{"line":33,"column":44}}},"fnMap":{"0":{"name":"connectToDB","decl":{"start":{"line":17,"column":15},"end":{"line":17,"column":26}},"loc":{"start":{"line":17,"column":28},"end":{"line":29,"column":1}},"line":17}},"branchMap":{"0":{"loc":{"start":{"line":6,"column":12},"end":{"line":6,"column":39}},"type":"binary-expr","locations":[{"start":{"line":6,"column":12},"end":{"line":6,"column":33}},{"start":{"line":6,"column":37},"end":{"line":6,"column":39}}],"line":6}},"s":{"0":1,"1":1,"2":1,"3":1,"4":1,"5":1,"6":1,"7":1,"8":1,"9":1,"10":0,"11":1,"12":1},"f":{"0":1},"b":{"0":[1,0]},"_coverageSchema":"1a1c01bbd47fc00a2c39e90264f33305004495a9","hash":"e12316c1ea153c4506d93d86cf22a1cd5cf6e16f"}
,"/Users/lucasbutler/Desktop/habitracked-4/database/helpers/auth.js": {"path":"/Users/lucasbutler/Desktop/habitracked-4/database/helpers/auth.js","statementMap":{"0":{"start":{"line":1,"column":15},"end":{"line":1,"column":32}},"1":{"start":{"line":3,"column":21},"end":{"line":13,"column":1}},"2":{"start":{"line":4,"column":2},"end":{"line":12,"column":5}},"3":{"start":{"line":5,"column":4},"end":{"line":11,"column":7}},"4":{"start":{"line":6,"column":6},"end":{"line":6,"column":34}},"5":{"start":{"line":6,"column":15},"end":{"line":6,"column":34}},"6":{"start":{"line":7,"column":6},"end":{"line":10,"column":9}},"7":{"start":{"line":8,"column":8},"end":{"line":8,"column":36}},"8":{"start":{"line":8,"column":17},"end":{"line":8,"column":36}},"9":{"start":{"line":9,"column":8},"end":{"line":9,"column":22}},"10":{"start":{"line":15,"column":24},"end":{"line":22,"column":1}},"11":{"start":{"line":16,"column":2},"end":{"line":21,"column":5}},"12":{"start":{"line":17,"column":4},"end":{"line":20,"column":7}},"13":{"start":{"line":18,"column":6},"end":{"line":18,"column":34}},"14":{"start":{"line":18,"column":15},"end":{"line":18,"column":34}},"15":{"start":{"line":19,"column":6},"end":{"line":19,"column":22}},"16":{"start":{"line":24,"column":0},"end":{"line":24,"column":51}}},"fnMap":{"0":{"name":"(anonymous_0)","decl":{"start":{"line":3,"column":21},"end":{"line":3,"column":22}},"loc":{"start":{"line":3,"column":35},"end":{"line":13,"column":1}},"line":3},"1":{"name":"(anonymous_1)","decl":{"start":{"line":4,"column":21},"end":{"line":4,"column":22}},"loc":{"start":{"line":4,"column":42},"end":{"line":12,"column":3}},"line":4},"2":{"name":"(anonymous_2)","decl":{"start":{"line":5,"column":23},"end":{"line":5,"column":24}},"loc":{"start":{"line":5,"column":38},"end":{"line":11,"column":5}},"line":5},"3":{"name":"(anonymous_3)","decl":{"start":{"line":7,"column":34},"end":{"line":7,"column":35}},"loc":{"start":{"line":7,"column":49},"end":{"line":10,"column":7}},"line":7},"4":{"name":"(anonymous_4)","decl":{"start":{"line":15,"column":24},"end":{"line":15,"column":25}},"loc":{"start":{"line":15,"column":46},"end":{"line":22,"column":1}},"line":15},"5":{"name":"(anonymous_5)","decl":{"start":{"line":16,"column":21},"end":{"line":16,"column":22}},"loc":{"start":{"line":16,"column":42},"end":{"line":21,"column":3}},"line":16},"6":{"name":"(anonymous_6)","decl":{"start":{"line":17,"column":37},"end":{"line":17,"column":38}},"loc":{"start":{"line":17,"column":54},"end":{"line":20,"column":5}},"line":17}},"branchMap":{"0":{"loc":{"start":{"line":6,"column":6},"end":{"line":6,"column":34}},"type":"if","locations":[{"start":{"line":6,"column":6},"end":{"line":6,"column":34}},{"start":{},"end":{}}],"line":6},"1":{"loc":{"start":{"line":8,"column":8},"end":{"line":8,"column":36}},"type":"if","locations":[{"start":{"line":8,"column":8},"end":{"line":8,"column":36}},{"start":{},"end":{}}],"line":8},"2":{"loc":{"start":{"line":18,"column":6},"end":{"line":18,"column":34}},"type":"if","locations":[{"start":{"line":18,"column":6},"end":{"line":18,"column":34}},{"start":{},"end":{}}],"line":18}},"s":{"0":1,"1":1,"2":3,"3":3,"4":3,"5":1,"6":2,"7":2,"8":0,"9":2,"10":1,"11":2,"12":2,"13":2,"14":0,"15":2,"16":1},"f":{"0":3,"1":3,"2":3,"3":2,"4":2,"5":2,"6":2},"b":{"0":[1,2],"1":[0,2],"2":[0,2]},"_coverageSchema":"1a1c01bbd47fc00a2c39e90264f33305004495a9","hash":"5318c7dd966878fa07c8deebef4620c727e6c7c4"}
,"/Users/lucasbutler/Desktop/habitracked-4/database/models/user.js": {"path":"/Users/lucasbutler/Desktop/habitracked-4/database/models/user.js","statementMap":{"0":{"start":{"line":1,"column":17},"end":{"line":1,"column":36}},"1":{"start":{"line":2,"column":19},"end":{"line":2,"column":27}},"2":{"start":{"line":5,"column":19},"end":{"line":19,"column":24}},"3":{"start":{"line":21,"column":18},"end":{"line":21,"column":52}},"4":{"start":{"line":23,"column":0},"end":{"line":23,"column":27}}},"fnMap":{},"branchMap":{},"s":{"0":1,"1":1,"2":1,"3":1,"4":1},"f":{},"b":{},"_coverageSchema":"1a1c01bbd47fc00a2c39e90264f33305004495a9","hash":"50a8930d525cc52e198b36a1f44265c00aa47982"}
}
