TN:
SF:controllers/authController.js
FN:7,(anonymous_0)
FN:39,(anonymous_1)
FN:54,(anonymous_2)
FN:69,(anonymous_3)
FN:75,(anonymous_4)
FN:78,(anonymous_5)
FN:88,(anonymous_6)
FN:105,(anonymous_7)
FN:145,(anonymous_8)
FN:161,(anonymous_9)
FN:172,(anonymous_10)
FN:209,(anonymous_11)
FN:232,(anonymous_12)
FNF:13
FNH:8
FNDA:2,(anonymous_0)
FNDA:2,(anonymous_1)
FNDA:1,(anonymous_2)
FNDA:1,(anonymous_3)
FNDA:2,(anonymous_4)
FNDA:1,(anonymous_5)
FNDA:0,(anonymous_6)
FNDA:0,(anonymous_7)
FNDA:0,(anonymous_8)
FNDA:0,(anonymous_9)
FNDA:5,(anonymous_10)
FNDA:6,(anonymous_11)
FNDA:0,(anonymous_12)
DA:1,1
DA:2,1
DA:3,1
DA:4,1
DA:7,1
DA:8,2
DA:9,2
DA:11,2
DA:12,0
DA:15,2
DA:16,0
DA:19,2
DA:20,2
DA:21,1
DA:24,1
DA:25,1
DA:31,1
DA:33,0
DA:34,0
DA:39,1
DA:40,2
DA:41,2
DA:43,2
DA:44,2
DA:45,0
DA:48,2
DA:49,2
DA:50,1
DA:55,1
DA:56,1
DA:60,1
DA:63,0
DA:64,0
DA:69,1
DA:70,1
DA:71,1
DA:75,1
DA:76,2
DA:77,2
DA:78,1
DA:79,1
DA:80,1
DA:83,1
DA:88,1
DA:89,0
DA:90,0
DA:92,0
DA:93,0
DA:96,0
DA:97,0
DA:99,0
DA:100,0
DA:105,1
DA:106,0
DA:119,0
DA:121,0
DA:122,0
DA:123,0
DA:124,0
DA:126,0
DA:140,0
DA:142,0
DA:144,0
DA:145,0
DA:150,0
DA:156,0
DA:161,1
DA:162,0
DA:163,0
DA:164,0
DA:166,0
DA:167,0
DA:172,1
DA:173,5
DA:174,5
DA:175,5
DA:178,5
DA:179,5
DA:181,0
DA:182,0
DA:186,0
DA:187,0
DA:188,0
DA:191,0
DA:196,0
DA:197,0
DA:199,0
DA:202,0
DA:203,0
DA:209,1
DA:210,6
DA:211,6
DA:212,6
DA:214,6
DA:215,1
DA:217,5
DA:218,0
DA:220,0
DA:221,0
DA:224,0
DA:225,0
DA:226,0
DA:229,0
DA:230,0
DA:232,0
DA:233,0
DA:234,0
DA:237,0
DA:243,5
DA:244,5
DA:248,1
LF:111
LH:55
BRDA:11,0,0,0
BRDA:11,0,1,2
BRDA:15,1,0,0
BRDA:15,1,1,2
BRDA:15,2,0,2
BRDA:15,2,1,2
BRDA:20,3,0,1
BRDA:20,3,1,1
BRDA:44,4,0,0
BRDA:44,4,1,2
BRDA:49,5,0,1
BRDA:49,5,1,1
BRDA:55,6,0,0
BRDA:55,6,1,1
BRDA:77,7,0,1
BRDA:77,7,1,1
BRDA:79,8,0,0
BRDA:79,8,1,1
BRDA:92,9,0,0
BRDA:92,9,1,0
BRDA:121,10,0,0
BRDA:121,10,1,0
BRDA:122,11,0,0
BRDA:122,11,1,0
BRDA:123,12,0,0
BRDA:123,12,1,0
BRDA:124,13,0,0
BRDA:124,13,1,0
BRDA:144,14,0,0
BRDA:144,14,1,0
BRDA:178,15,0,5
BRDA:178,15,1,0
BRDA:181,16,0,0
BRDA:181,16,1,0
BRDA:187,17,0,0
BRDA:187,17,1,0
BRDA:214,18,0,1
BRDA:214,18,1,5
BRDA:217,19,0,0
BRDA:217,19,1,0
BRDA:217,20,0,5
BRDA:217,20,1,5
BRDA:220,21,0,0
BRDA:220,21,1,0
BRDA:220,22,0,0
BRDA:220,22,1,0
BRDA:225,23,0,0
BRDA:225,23,1,0
BRDA:234,24,0,0
BRDA:234,24,1,0
BRF:50
BRH:18
end_of_record
TN:
SF:db/connection.js
FN:17,connectToDB
FNF:1
FNH:1
FNDA:1,connectToDB
DA:1,1
DA:2,1
DA:4,1
DA:6,1
DA:7,1
DA:9,1
DA:18,1
DA:20,1
DA:22,1
DA:23,1
DA:27,0
DA:31,1
DA:33,1
LF:13
LH:12
BRDA:6,0,0,1
BRDA:6,0,1,0
BRF:2
BRH:1
end_of_record
TN:
SF:helpers/auth.js
FN:3,(anonymous_0)
FN:4,(anonymous_1)
FN:5,(anonymous_2)
FN:7,(anonymous_3)
FN:15,(anonymous_4)
FN:16,(anonymous_5)
FN:17,(anonymous_6)
FNF:7
FNH:7
FNDA:3,(anonymous_0)
FNDA:3,(anonymous_1)
FNDA:3,(anonymous_2)
FNDA:2,(anonymous_3)
FNDA:2,(anonymous_4)
FNDA:2,(anonymous_5)
FNDA:2,(anonymous_6)
DA:1,1
DA:3,1
DA:4,3
DA:5,3
DA:6,3
DA:7,2
DA:8,2
DA:9,2
DA:15,1
DA:16,2
DA:17,2
DA:18,2
DA:19,2
DA:24,1
LF:14
LH:14
BRDA:6,0,0,1
BRDA:6,0,1,2
BRDA:8,1,0,0
BRDA:8,1,1,2
BRDA:18,2,0,0
BRDA:18,2,1,2
BRF:6
BRH:4
end_of_record
TN:
SF:models/user.js
FNF:0
FNH:0
DA:1,1
DA:2,1
DA:5,1
DA:21,1
DA:23,1
LF:5
LH:5
BRF:0
BRH:0
end_of_record
