TN:
SF:controllers/authController.js
FN:6,(anonymous_0)
FN:41,(anonymous_1)
FN:56,(anonymous_2)
FN:70,(anonymous_3)
FN:75,(anonymous_4)
FN:78,(anonymous_5)
FN:87,(anonymous_6)
FN:105,(anonymous_7)
FN:134,(anonymous_8)
FN:150,(anonymous_9)
FNF:10
FNH:6
FNDA:2,(anonymous_0)
FNDA:2,(anonymous_1)
FNDA:1,(anonymous_2)
FNDA:1,(anonymous_3)
FNDA:2,(anonymous_4)
FNDA:1,(anonymous_5)
FNDA:0,(anonymous_6)
FNDA:0,(anonymous_7)
FNDA:0,(anonymous_8)
FNDA:0,(anonymous_9)
DA:1,1
DA:2,1
DA:3,1
DA:6,1
DA:7,2
DA:8,2
DA:10,2
DA:11,0
DA:14,2
DA:15,0
DA:18,2
DA:19,2
DA:20,1
DA:23,1
DA:24,1
DA:31,1
DA:33,1
DA:35,0
DA:36,0
DA:41,1
DA:42,2
DA:43,2
DA:45,2
DA:46,2
DA:47,0
DA:50,2
DA:51,2
DA:52,1
DA:57,1
DA:58,1
DA:62,1
DA:65,0
DA:66,0
DA:70,1
DA:71,1
DA:72,1
DA:75,1
DA:76,2
DA:77,2
DA:78,1
DA:79,1
DA:80,1
DA:83,1
DA:87,1
DA:88,0
DA:89,0
DA:91,0
DA:92,0
DA:95,0
DA:96,0
DA:98,0
DA:100,0
DA:101,0
DA:105,1
DA:106,0
DA:107,0
DA:108,0
DA:109,0
DA:110,0
DA:111,0
DA:112,0
DA:114,0
DA:116,0
DA:128,0
DA:130,0
DA:132,0
DA:134,0
DA:139,0
DA:145,0
DA:150,1
DA:151,0
DA:152,0
DA:153,0
DA:155,0
DA:156,0
DA:161,1
LF:76
LH:40
BRDA:10,0,0,0
BRDA:10,0,1,2
BRDA:14,1,0,0
BRDA:14,1,1,2
BRDA:14,2,0,2
BRDA:14,2,1,2
BRDA:19,3,0,1
BRDA:19,3,1,1
BRDA:46,4,0,0
BRDA:46,4,1,2
BRDA:51,5,0,1
BRDA:51,5,1,1
BRDA:57,6,0,0
BRDA:57,6,1,1
BRDA:77,7,0,1
BRDA:77,7,1,1
BRDA:79,8,0,0
BRDA:79,8,1,1
BRDA:91,9,0,0
BRDA:91,9,1,0
BRDA:108,10,0,0
BRDA:108,10,1,0
BRDA:109,11,0,0
BRDA:109,11,1,0
BRDA:110,12,0,0
BRDA:110,12,1,0
BRDA:111,13,0,0
BRDA:111,13,1,0
BRDA:112,14,0,0
BRDA:112,14,1,0
BRDA:112,15,0,0
BRDA:112,15,1,0
BRDA:132,16,0,0
BRDA:132,16,1,0
BRF:34
BRH:13
end_of_record
TN:
SF:db/connection.js
FN:17,connectToDB
FNF:1
FNH:1
FNDA:1,connectToDB
DA:1,2
DA:2,2
DA:4,2
DA:6,2
DA:7,2
DA:9,2
DA:18,1
DA:20,1
DA:22,1
DA:23,1
DA:27,0
DA:31,2
DA:33,2
LF:13
LH:12
BRDA:6,0,0,2
BRDA:6,0,1,0
BRF:2
BRH:1
end_of_record
TN:
SF:helpers/auth.js
FN:3,(anonymous_0)
FN:4,(anonymous_1)
FN:5,(anonymous_2)
FN:7,(anonymous_3)
FN:15,(anonymous_4)
FN:16,(anonymous_5)
FN:17,(anonymous_6)
FNF:7
FNH:7
FNDA:3,(anonymous_0)
FNDA:3,(anonymous_1)
FNDA:3,(anonymous_2)
FNDA:2,(anonymous_3)
FNDA:2,(anonymous_4)
FNDA:2,(anonymous_5)
FNDA:2,(anonymous_6)
DA:1,1
DA:3,1
DA:4,3
DA:5,3
DA:6,3
DA:7,2
DA:8,2
DA:9,2
DA:15,1
DA:16,2
DA:17,2
DA:18,2
DA:19,2
DA:24,1
LF:14
LH:14
BRDA:6,0,0,1
BRDA:6,0,1,2
BRDA:8,1,0,0
BRDA:8,1,1,2
BRDA:18,2,0,0
BRDA:18,2,1,2
BRF:6
BRH:4
end_of_record
TN:
SF:models/user.js
FN:23,(anonymous_0)
FN:78,(anonymous_1)
FNF:2
FNH:0
FNDA:0,(anonymous_0)
FNDA:0,(anonymous_1)
DA:1,1
DA:2,1
DA:5,1
DA:21,1
DA:23,1
DA:24,0
DA:72,0
DA:73,0
DA:74,0
DA:78,1
DA:79,0
DA:82,0
DA:84,0
DA:87,1
DA:135,1
DA:137,1
LF:16
LH:9
BRDA:74,0,0,0
BRDA:74,0,1,0
BRF:2
BRH:0
end_of_record
TN:
SF:routes/record.js
FN:15,(anonymous_0)
FN:22,(anonymous_1)
FN:32,(anonymous_2)
FN:49,(anonymous_3)
FN:70,(anonymous_4)
FNF:5
FNH:0
FNDA:0,(anonymous_0)
FNDA:0,(anonymous_1)
FNDA:0,(anonymous_2)
FNDA:0,(anonymous_3)
FNDA:0,(anonymous_4)
DA:1,1
DA:4,1
DA:7,1
DA:12,1
DA:15,1
DA:16,0
DA:17,0
DA:18,0
DA:22,1
DA:23,0
DA:24,0
DA:25,0
DA:27,0
DA:28,0
DA:32,1
DA:33,0
DA:34,0
DA:39,0
DA:40,0
DA:41,0
DA:43,0
DA:44,0
DA:49,1
DA:50,0
DA:51,0
DA:52,0
DA:60,0
DA:61,0
DA:62,0
DA:64,0
DA:65,0
DA:70,1
DA:71,0
DA:72,0
DA:74,0
DA:75,0
DA:77,0
DA:79,0
DA:80,0
DA:84,1
LF:40
LH:10
BRDA:27,0,0,0
BRDA:27,0,1,0
BRF:2
BRH:0
end_of_record
